<?xml version="1.0" encoding="UTF-8"?>
<testng-results skipped="0" failed="1" ignored="0" total="26" passed="25">
  <reporter-output>
  </reporter-output>
  <suite name="Default suite" duration-ms="131282" started-at="2020-09-01T20:25:46 PKT" finished-at="2020-09-01T20:27:57 PKT">
    <groups>
    </groups>
    <test name="Default test" duration-ms="131282" started-at="2020-09-01T20:25:46 PKT" finished-at="2020-09-01T20:27:57 PKT">
      <class name="OrdersAPI.API.ExecutionFile">
        <test-method status="PASS" signature="Startup()[pri:0, instance:OrdersAPI.API.ExecutionFile@1efed156]" name="Startup" is-config="true" duration-ms="168" started-at="2020-09-01T20:25:46 PKT" finished-at="2020-09-01T20:25:46 PKT">
          <reporter-output>
          </reporter-output>
        </test-method> <!-- Startup -->
        <test-method status="PASS" signature="Orders_Signin()[pri:1, instance:OrdersAPI.API.ExecutionFile@1efed156]" name="Orders_Signin" duration-ms="4424" started-at="2020-09-01T20:25:46 PKT" finished-at="2020-09-01T20:25:50 PKT">
          <reporter-output>
          </reporter-output>
        </test-method> <!-- Orders_Signin -->
        <test-method status="PASS" signature="getResult(org.testng.ITestResult)[pri:0, instance:OrdersAPI.API.ExecutionFile@1efed156]" name="getResult" is-config="true" duration-ms="370" started-at="2020-09-01T20:25:50 PKT" finished-at="2020-09-01T20:25:51 PKT">
          <params>
            <param index="0">
              <value>
                <![CDATA[[TestResult name=Orders_Signin status=SUCCESS method=ExecutionFile.Orders_Signin()[pri:1, instance:OrdersAPI.API.ExecutionFile@1efed156] output={null}]]]>
              </value>
            </param>
          </params>
          <reporter-output>
          </reporter-output>
        </test-method> <!-- getResult -->
        <test-method status="PASS" signature="POST_Orders()[pri:3, instance:OrdersAPI.API.ExecutionFile@1efed156]" name="POST_Orders" duration-ms="7696" started-at="2020-09-01T20:25:51 PKT" finished-at="2020-09-01T20:25:58 PKT">
          <reporter-output>
          </reporter-output>
        </test-method> <!-- POST_Orders -->
        <test-method status="PASS" signature="getResult(org.testng.ITestResult)[pri:0, instance:OrdersAPI.API.ExecutionFile@1efed156]" name="getResult" is-config="true" duration-ms="129" started-at="2020-09-01T20:25:58 PKT" finished-at="2020-09-01T20:25:59 PKT">
          <params>
            <param index="0">
              <value>
                <![CDATA[[TestResult name=POST_Orders status=SUCCESS method=ExecutionFile.POST_Orders()[pri:3, instance:OrdersAPI.API.ExecutionFile@1efed156] output={null}]]]>
              </value>
            </param>
          </params>
          <reporter-output>
          </reporter-output>
        </test-method> <!-- getResult -->
        <test-method status="PASS" signature="GetCreatedOrder_FromID()[pri:4, instance:OrdersAPI.API.ExecutionFile@1efed156]" name="GetCreatedOrder_FromID" duration-ms="3794" started-at="2020-09-01T20:25:59 PKT" finished-at="2020-09-01T20:26:02 PKT">
          <reporter-output>
          </reporter-output>
        </test-method> <!-- GetCreatedOrder_FromID -->
        <test-method status="PASS" signature="getResult(org.testng.ITestResult)[pri:0, instance:OrdersAPI.API.ExecutionFile@1efed156]" name="getResult" is-config="true" duration-ms="62" started-at="2020-09-01T20:26:02 PKT" finished-at="2020-09-01T20:26:02 PKT">
          <params>
            <param index="0">
              <value>
                <![CDATA[[TestResult name=GetCreatedOrder_FromID status=SUCCESS method=ExecutionFile.GetCreatedOrder_FromID()[pri:4, instance:OrdersAPI.API.ExecutionFile@1efed156] output={null}]]]>
              </value>
            </param>
          </params>
          <reporter-output>
          </reporter-output>
        </test-method> <!-- getResult -->
        <test-method status="PASS" signature="GetCreatedOrder_FromNumber()[pri:5, instance:OrdersAPI.API.ExecutionFile@1efed156]" name="GetCreatedOrder_FromNumber" duration-ms="2103" started-at="2020-09-01T20:26:02 PKT" finished-at="2020-09-01T20:26:05 PKT">
          <reporter-output>
          </reporter-output>
        </test-method> <!-- GetCreatedOrder_FromNumber -->
        <test-method status="PASS" signature="getResult(org.testng.ITestResult)[pri:0, instance:OrdersAPI.API.ExecutionFile@1efed156]" name="getResult" is-config="true" duration-ms="53" started-at="2020-09-01T20:26:05 PKT" finished-at="2020-09-01T20:26:05 PKT">
          <params>
            <param index="0">
              <value>
                <![CDATA[[TestResult name=GetCreatedOrder_FromNumber status=SUCCESS method=ExecutionFile.GetCreatedOrder_FromNumber()[pri:5, instance:OrdersAPI.API.ExecutionFile@1efed156] output={null}]]]>
              </value>
            </param>
          </params>
          <reporter-output>
          </reporter-output>
        </test-method> <!-- getResult -->
        <test-method status="PASS" signature="POSTNotes_Order()[pri:6, instance:OrdersAPI.API.ExecutionFile@1efed156]" name="POSTNotes_Order" duration-ms="3185" started-at="2020-09-01T20:26:05 PKT" finished-at="2020-09-01T20:26:08 PKT">
          <reporter-output>
          </reporter-output>
        </test-method> <!-- POSTNotes_Order -->
        <test-method status="PASS" signature="getResult(org.testng.ITestResult)[pri:0, instance:OrdersAPI.API.ExecutionFile@1efed156]" name="getResult" is-config="true" duration-ms="74" started-at="2020-09-01T20:26:08 PKT" finished-at="2020-09-01T20:26:08 PKT">
          <params>
            <param index="0">
              <value>
                <![CDATA[[TestResult name=POSTNotes_Order status=SUCCESS method=ExecutionFile.POSTNotes_Order()[pri:6, instance:OrdersAPI.API.ExecutionFile@1efed156] output={null}]]]>
              </value>
            </param>
          </params>
          <reporter-output>
          </reporter-output>
        </test-method> <!-- getResult -->
        <test-method status="PASS" signature="UpdateNotes_Order()[pri:7, instance:OrdersAPI.API.ExecutionFile@1efed156]" name="UpdateNotes_Order" duration-ms="3161" started-at="2020-09-01T20:26:08 PKT" finished-at="2020-09-01T20:26:11 PKT">
          <reporter-output>
          </reporter-output>
        </test-method> <!-- UpdateNotes_Order -->
        <test-method status="PASS" signature="getResult(org.testng.ITestResult)[pri:0, instance:OrdersAPI.API.ExecutionFile@1efed156]" name="getResult" is-config="true" duration-ms="91" started-at="2020-09-01T20:26:11 PKT" finished-at="2020-09-01T20:26:11 PKT">
          <params>
            <param index="0">
              <value>
                <![CDATA[[TestResult name=UpdateNotes_Order status=SUCCESS method=ExecutionFile.UpdateNotes_Order()[pri:7, instance:OrdersAPI.API.ExecutionFile@1efed156] output={null}]]]>
              </value>
            </param>
          </params>
          <reporter-output>
          </reporter-output>
        </test-method> <!-- getResult -->
        <test-method status="PASS" signature="GETCreatedNotes_NotesID()[pri:8, instance:OrdersAPI.API.ExecutionFile@1efed156]" name="GETCreatedNotes_NotesID" duration-ms="3293" started-at="2020-09-01T20:26:11 PKT" finished-at="2020-09-01T20:26:14 PKT">
          <reporter-output>
          </reporter-output>
        </test-method> <!-- GETCreatedNotes_NotesID -->
        <test-method status="PASS" signature="getResult(org.testng.ITestResult)[pri:0, instance:OrdersAPI.API.ExecutionFile@1efed156]" name="getResult" is-config="true" duration-ms="116" started-at="2020-09-01T20:26:14 PKT" finished-at="2020-09-01T20:26:15 PKT">
          <params>
            <param index="0">
              <value>
                <![CDATA[[TestResult name=GETCreatedNotes_NotesID status=SUCCESS method=ExecutionFile.GETCreatedNotes_NotesID()[pri:8, instance:OrdersAPI.API.ExecutionFile@1efed156] output={null}]]]>
              </value>
            </param>
          </params>
          <reporter-output>
          </reporter-output>
        </test-method> <!-- getResult -->
        <test-method status="PASS" signature="GETAllNotes()[pri:9, instance:OrdersAPI.API.ExecutionFile@1efed156]" name="GETAllNotes" duration-ms="4026" started-at="2020-09-01T20:26:15 PKT" finished-at="2020-09-01T20:26:19 PKT">
          <reporter-output>
          </reporter-output>
        </test-method> <!-- GETAllNotes -->
        <test-method status="PASS" signature="getResult(org.testng.ITestResult)[pri:0, instance:OrdersAPI.API.ExecutionFile@1efed156]" name="getResult" is-config="true" duration-ms="73" started-at="2020-09-01T20:26:19 PKT" finished-at="2020-09-01T20:26:19 PKT">
          <params>
            <param index="0">
              <value>
                <![CDATA[[TestResult name=GETAllNotes status=SUCCESS method=ExecutionFile.GETAllNotes()[pri:9, instance:OrdersAPI.API.ExecutionFile@1efed156] output={null}]]]>
              </value>
            </param>
          </params>
          <reporter-output>
          </reporter-output>
        </test-method> <!-- getResult -->
        <test-method status="PASS" signature="Delete_CreatedNotes()[pri:10, instance:OrdersAPI.API.ExecutionFile@1efed156]" name="Delete_CreatedNotes" duration-ms="5279" started-at="2020-09-01T20:26:19 PKT" finished-at="2020-09-01T20:26:24 PKT">
          <reporter-output>
          </reporter-output>
        </test-method> <!-- Delete_CreatedNotes -->
        <test-method status="PASS" signature="getResult(org.testng.ITestResult)[pri:0, instance:OrdersAPI.API.ExecutionFile@1efed156]" name="getResult" is-config="true" duration-ms="78" started-at="2020-09-01T20:26:24 PKT" finished-at="2020-09-01T20:26:24 PKT">
          <params>
            <param index="0">
              <value>
                <![CDATA[[TestResult name=Delete_CreatedNotes status=SUCCESS method=ExecutionFile.Delete_CreatedNotes()[pri:10, instance:OrdersAPI.API.ExecutionFile@1efed156] output={null}]]]>
              </value>
            </param>
          </params>
          <reporter-output>
          </reporter-output>
        </test-method> <!-- getResult -->
        <test-method status="PASS" signature="PostCustomProduct_LineItem()[pri:11, instance:OrdersAPI.API.ExecutionFile@1efed156]" name="PostCustomProduct_LineItem" duration-ms="3709" started-at="2020-09-01T20:26:24 PKT" finished-at="2020-09-01T20:26:28 PKT">
          <reporter-output>
          </reporter-output>
        </test-method> <!-- PostCustomProduct_LineItem -->
        <test-method status="PASS" signature="getResult(org.testng.ITestResult)[pri:0, instance:OrdersAPI.API.ExecutionFile@1efed156]" name="getResult" is-config="true" duration-ms="47" started-at="2020-09-01T20:26:28 PKT" finished-at="2020-09-01T20:26:28 PKT">
          <params>
            <param index="0">
              <value>
                <![CDATA[[TestResult name=PostCustomProduct_LineItem status=SUCCESS method=ExecutionFile.PostCustomProduct_LineItem()[pri:11, instance:OrdersAPI.API.ExecutionFile@1efed156] output={null}]]]>
              </value>
            </param>
          </params>
          <reporter-output>
          </reporter-output>
        </test-method> <!-- getResult -->
        <test-method status="PASS" signature="PostCustomProduct_LineItem_FieldValidaion()[pri:12, instance:OrdersAPI.API.ExecutionFile@1efed156]" name="PostCustomProduct_LineItem_FieldValidaion" duration-ms="2015" started-at="2020-09-01T20:26:28 PKT" finished-at="2020-09-01T20:26:30 PKT">
          <reporter-output>
          </reporter-output>
        </test-method> <!-- PostCustomProduct_LineItem_FieldValidaion -->
        <test-method status="PASS" signature="getResult(org.testng.ITestResult)[pri:0, instance:OrdersAPI.API.ExecutionFile@1efed156]" name="getResult" is-config="true" duration-ms="79" started-at="2020-09-01T20:26:30 PKT" finished-at="2020-09-01T20:26:30 PKT">
          <params>
            <param index="0">
              <value>
                <![CDATA[[TestResult name=PostCustomProduct_LineItem_FieldValidaion status=SUCCESS method=ExecutionFile.PostCustomProduct_LineItem_FieldValidaion()[pri:12, instance:OrdersAPI.API.ExecutionFile@1efed156] output={null}]]]>
              </value>
            </param>
          </params>
          <reporter-output>
          </reporter-output>
        </test-method> <!-- getResult -->
        <test-method status="PASS" signature="GetCustomProduct_LineItem()[pri:13, instance:OrdersAPI.API.ExecutionFile@1efed156]" name="GetCustomProduct_LineItem" duration-ms="3266" started-at="2020-09-01T20:26:30 PKT" finished-at="2020-09-01T20:26:33 PKT">
          <reporter-output>
          </reporter-output>
        </test-method> <!-- GetCustomProduct_LineItem -->
        <test-method status="PASS" signature="getResult(org.testng.ITestResult)[pri:0, instance:OrdersAPI.API.ExecutionFile@1efed156]" name="getResult" is-config="true" duration-ms="132" started-at="2020-09-01T20:26:33 PKT" finished-at="2020-09-01T20:26:33 PKT">
          <params>
            <param index="0">
              <value>
                <![CDATA[[TestResult name=GetCustomProduct_LineItem status=SUCCESS method=ExecutionFile.GetCustomProduct_LineItem()[pri:13, instance:OrdersAPI.API.ExecutionFile@1efed156] output={null}]]]>
              </value>
            </param>
          </params>
          <reporter-output>
          </reporter-output>
        </test-method> <!-- getResult -->
        <test-method status="PASS" signature="GetAllCustomProduct_LineItem()[pri:14, instance:OrdersAPI.API.ExecutionFile@1efed156]" name="GetAllCustomProduct_LineItem" duration-ms="1724" started-at="2020-09-01T20:26:33 PKT" finished-at="2020-09-01T20:26:35 PKT">
          <reporter-output>
          </reporter-output>
        </test-method> <!-- GetAllCustomProduct_LineItem -->
        <test-method status="PASS" signature="getResult(org.testng.ITestResult)[pri:0, instance:OrdersAPI.API.ExecutionFile@1efed156]" name="getResult" is-config="true" duration-ms="98" started-at="2020-09-01T20:26:35 PKT" finished-at="2020-09-01T20:26:35 PKT">
          <params>
            <param index="0">
              <value>
                <![CDATA[[TestResult name=GetAllCustomProduct_LineItem status=SUCCESS method=ExecutionFile.GetAllCustomProduct_LineItem()[pri:14, instance:OrdersAPI.API.ExecutionFile@1efed156] output={null}]]]>
              </value>
            </param>
          </params>
          <reporter-output>
          </reporter-output>
        </test-method> <!-- getResult -->
        <test-method status="PASS" signature="Import_LineItem()[pri:15, instance:OrdersAPI.API.ExecutionFile@1efed156]" name="Import_LineItem" duration-ms="5724" started-at="2020-09-01T20:26:35 PKT" finished-at="2020-09-01T20:26:41 PKT">
          <reporter-output>
          </reporter-output>
        </test-method> <!-- Import_LineItem -->
        <test-method status="PASS" signature="getResult(org.testng.ITestResult)[pri:0, instance:OrdersAPI.API.ExecutionFile@1efed156]" name="getResult" is-config="true" duration-ms="48" started-at="2020-09-01T20:26:41 PKT" finished-at="2020-09-01T20:26:41 PKT">
          <params>
            <param index="0">
              <value>
                <![CDATA[[TestResult name=Import_LineItem status=SUCCESS method=ExecutionFile.Import_LineItem()[pri:15, instance:OrdersAPI.API.ExecutionFile@1efed156] output={null}]]]>
              </value>
            </param>
          </params>
          <reporter-output>
          </reporter-output>
        </test-method> <!-- getResult -->
        <test-method status="PASS" signature="GetAmountDue_FromOrder()[pri:16, instance:OrdersAPI.API.ExecutionFile@1efed156]" name="GetAmountDue_FromOrder" duration-ms="4466" started-at="2020-09-01T20:26:41 PKT" finished-at="2020-09-01T20:26:45 PKT">
          <reporter-output>
          </reporter-output>
        </test-method> <!-- GetAmountDue_FromOrder -->
        <test-method status="PASS" signature="getResult(org.testng.ITestResult)[pri:0, instance:OrdersAPI.API.ExecutionFile@1efed156]" name="getResult" is-config="true" duration-ms="63" started-at="2020-09-01T20:26:45 PKT" finished-at="2020-09-01T20:26:45 PKT">
          <params>
            <param index="0">
              <value>
                <![CDATA[[TestResult name=GetAmountDue_FromOrder status=SUCCESS method=ExecutionFile.GetAmountDue_FromOrder()[pri:16, instance:OrdersAPI.API.ExecutionFile@1efed156] output={null}]]]>
              </value>
            </param>
          </params>
          <reporter-output>
          </reporter-output>
        </test-method> <!-- getResult -->
        <test-method status="PASS" signature="PostPaymentsUnderOrder()[pri:17, instance:OrdersAPI.API.ExecutionFile@1efed156]" name="PostPaymentsUnderOrder" duration-ms="5595" started-at="2020-09-01T20:26:45 PKT" finished-at="2020-09-01T20:26:51 PKT">
          <reporter-output>
          </reporter-output>
        </test-method> <!-- PostPaymentsUnderOrder -->
        <test-method status="PASS" signature="getResult(org.testng.ITestResult)[pri:0, instance:OrdersAPI.API.ExecutionFile@1efed156]" name="getResult" is-config="true" duration-ms="47" started-at="2020-09-01T20:26:51 PKT" finished-at="2020-09-01T20:26:51 PKT">
          <params>
            <param index="0">
              <value>
                <![CDATA[[TestResult name=PostPaymentsUnderOrder status=SUCCESS method=ExecutionFile.PostPaymentsUnderOrder()[pri:17, instance:OrdersAPI.API.ExecutionFile@1efed156] output={null}]]]>
              </value>
            </param>
          </params>
          <reporter-output>
          </reporter-output>
        </test-method> <!-- getResult -->
        <test-method status="PASS" signature="GetPaymentsRecordUnderOrder_PaymentID()[pri:18, instance:OrdersAPI.API.ExecutionFile@1efed156]" name="GetPaymentsRecordUnderOrder_PaymentID" duration-ms="2366" started-at="2020-09-01T20:26:51 PKT" finished-at="2020-09-01T20:26:53 PKT">
          <reporter-output>
          </reporter-output>
        </test-method> <!-- GetPaymentsRecordUnderOrder_PaymentID -->
        <test-method status="PASS" signature="getResult(org.testng.ITestResult)[pri:0, instance:OrdersAPI.API.ExecutionFile@1efed156]" name="getResult" is-config="true" duration-ms="43" started-at="2020-09-01T20:26:53 PKT" finished-at="2020-09-01T20:26:54 PKT">
          <params>
            <param index="0">
              <value>
                <![CDATA[[TestResult name=GetPaymentsRecordUnderOrder_PaymentID status=SUCCESS method=ExecutionFile.GetPaymentsRecordUnderOrder_PaymentID()[pri:18, instance:OrdersAPI.API.ExecutionFile@1efed156] output={null}]]]>
              </value>
            </param>
          </params>
          <reporter-output>
          </reporter-output>
        </test-method> <!-- getResult -->
        <test-method status="PASS" signature="UpdatePaymentsRecordUnderOrder()[pri:19, instance:OrdersAPI.API.ExecutionFile@1efed156]" name="UpdatePaymentsRecordUnderOrder" duration-ms="3203" started-at="2020-09-01T20:26:54 PKT" finished-at="2020-09-01T20:26:57 PKT">
          <reporter-output>
          </reporter-output>
        </test-method> <!-- UpdatePaymentsRecordUnderOrder -->
        <test-method status="PASS" signature="getResult(org.testng.ITestResult)[pri:0, instance:OrdersAPI.API.ExecutionFile@1efed156]" name="getResult" is-config="true" duration-ms="98" started-at="2020-09-01T20:26:57 PKT" finished-at="2020-09-01T20:26:57 PKT">
          <params>
            <param index="0">
              <value>
                <![CDATA[[TestResult name=UpdatePaymentsRecordUnderOrder status=SUCCESS method=ExecutionFile.UpdatePaymentsRecordUnderOrder()[pri:19, instance:OrdersAPI.API.ExecutionFile@1efed156] output={null}]]]>
              </value>
            </param>
          </params>
          <reporter-output>
          </reporter-output>
        </test-method> <!-- getResult -->
        <test-method status="PASS" signature="GetAllPaymentsRecords()[pri:20, instance:OrdersAPI.API.ExecutionFile@1efed156]" name="GetAllPaymentsRecords" duration-ms="1755" started-at="2020-09-01T20:26:57 PKT" finished-at="2020-09-01T20:26:59 PKT">
          <reporter-output>
          </reporter-output>
        </test-method> <!-- GetAllPaymentsRecords -->
        <test-method status="PASS" signature="getResult(org.testng.ITestResult)[pri:0, instance:OrdersAPI.API.ExecutionFile@1efed156]" name="getResult" is-config="true" duration-ms="92" started-at="2020-09-01T20:26:59 PKT" finished-at="2020-09-01T20:26:59 PKT">
          <params>
            <param index="0">
              <value>
                <![CDATA[[TestResult name=GetAllPaymentsRecords status=SUCCESS method=ExecutionFile.GetAllPaymentsRecords()[pri:20, instance:OrdersAPI.API.ExecutionFile@1efed156] output={null}]]]>
              </value>
            </param>
          </params>
          <reporter-output>
          </reporter-output>
        </test-method> <!-- getResult -->
        <test-method status="PASS" signature="PostSalesOrders_UnderOrder()[pri:21, instance:OrdersAPI.API.ExecutionFile@1efed156]" name="PostSalesOrders_UnderOrder" duration-ms="5367" started-at="2020-09-01T20:26:59 PKT" finished-at="2020-09-01T20:27:04 PKT">
          <reporter-output>
          </reporter-output>
        </test-method> <!-- PostSalesOrders_UnderOrder -->
        <test-method status="PASS" signature="getResult(org.testng.ITestResult)[pri:0, instance:OrdersAPI.API.ExecutionFile@1efed156]" name="getResult" is-config="true" duration-ms="153" started-at="2020-09-01T20:27:04 PKT" finished-at="2020-09-01T20:27:04 PKT">
          <params>
            <param index="0">
              <value>
                <![CDATA[[TestResult name=PostSalesOrders_UnderOrder status=SUCCESS method=ExecutionFile.PostSalesOrders_UnderOrder()[pri:21, instance:OrdersAPI.API.ExecutionFile@1efed156] output={null}]]]>
              </value>
            </param>
          </params>
          <reporter-output>
          </reporter-output>
        </test-method> <!-- getResult -->
        <test-method status="PASS" signature="PostReorder_UnderOrder()[pri:22, instance:OrdersAPI.API.ExecutionFile@1efed156]" name="PostReorder_UnderOrder" duration-ms="9359" started-at="2020-09-01T20:27:04 PKT" finished-at="2020-09-01T20:27:14 PKT">
          <reporter-output>
          </reporter-output>
        </test-method> <!-- PostReorder_UnderOrder -->
        <test-method status="PASS" signature="getResult(org.testng.ITestResult)[pri:0, instance:OrdersAPI.API.ExecutionFile@1efed156]" name="getResult" is-config="true" duration-ms="103" started-at="2020-09-01T20:27:14 PKT" finished-at="2020-09-01T20:27:14 PKT">
          <params>
            <param index="0">
              <value>
                <![CDATA[[TestResult name=PostReorder_UnderOrder status=SUCCESS method=ExecutionFile.PostReorder_UnderOrder()[pri:22, instance:OrdersAPI.API.ExecutionFile@1efed156] output={null}]]]>
              </value>
            </param>
          </params>
          <reporter-output>
          </reporter-output>
        </test-method> <!-- getResult -->
        <test-method status="PASS" signature="PostTitle_LineItem()[pri:23, instance:OrdersAPI.API.ExecutionFile@1efed156]" name="PostTitle_LineItem" duration-ms="3419" started-at="2020-09-01T20:27:14 PKT" finished-at="2020-09-01T20:27:17 PKT">
          <reporter-output>
          </reporter-output>
        </test-method> <!-- PostTitle_LineItem -->
        <test-method status="PASS" signature="getResult(org.testng.ITestResult)[pri:0, instance:OrdersAPI.API.ExecutionFile@1efed156]" name="getResult" is-config="true" duration-ms="67" started-at="2020-09-01T20:27:17 PKT" finished-at="2020-09-01T20:27:17 PKT">
          <params>
            <param index="0">
              <value>
                <![CDATA[[TestResult name=PostTitle_LineItem status=SUCCESS method=ExecutionFile.PostTitle_LineItem()[pri:23, instance:OrdersAPI.API.ExecutionFile@1efed156] output={null}]]]>
              </value>
            </param>
          </params>
          <reporter-output>
          </reporter-output>
        </test-method> <!-- getResult -->
        <test-method status="PASS" signature="PostQuote_UnderOrder()[pri:24, instance:OrdersAPI.API.ExecutionFile@1efed156]" name="PostQuote_UnderOrder" duration-ms="3954" started-at="2020-09-01T20:27:17 PKT" finished-at="2020-09-01T20:27:21 PKT">
          <reporter-output>
          </reporter-output>
        </test-method> <!-- PostQuote_UnderOrder -->
        <test-method status="PASS" signature="getResult(org.testng.ITestResult)[pri:0, instance:OrdersAPI.API.ExecutionFile@1efed156]" name="getResult" is-config="true" duration-ms="59" started-at="2020-09-01T20:27:21 PKT" finished-at="2020-09-01T20:27:21 PKT">
          <params>
            <param index="0">
              <value>
                <![CDATA[[TestResult name=PostQuote_UnderOrder status=SUCCESS method=ExecutionFile.PostQuote_UnderOrder()[pri:24, instance:OrdersAPI.API.ExecutionFile@1efed156] output={null}]]]>
              </value>
            </param>
          </params>
          <reporter-output>
          </reporter-output>
        </test-method> <!-- getResult -->
        <test-method status="PASS" signature="UpdateTitle_LineItem()[pri:25, instance:OrdersAPI.API.ExecutionFile@1efed156]" name="UpdateTitle_LineItem" duration-ms="4235" started-at="2020-09-01T20:27:21 PKT" finished-at="2020-09-01T20:27:25 PKT">
          <reporter-output>
          </reporter-output>
        </test-method> <!-- UpdateTitle_LineItem -->
        <test-method status="PASS" signature="getResult(org.testng.ITestResult)[pri:0, instance:OrdersAPI.API.ExecutionFile@1efed156]" name="getResult" is-config="true" duration-ms="45" started-at="2020-09-01T20:27:25 PKT" finished-at="2020-09-01T20:27:25 PKT">
          <params>
            <param index="0">
              <value>
                <![CDATA[[TestResult name=UpdateTitle_LineItem status=SUCCESS method=ExecutionFile.UpdateTitle_LineItem()[pri:25, instance:OrdersAPI.API.ExecutionFile@1efed156] output={null}]]]>
              </value>
            </param>
          </params>
          <reporter-output>
          </reporter-output>
        </test-method> <!-- getResult -->
        <test-method status="PASS" signature="PostEmail_UnderOrder()[pri:26, instance:OrdersAPI.API.ExecutionFile@1efed156]" name="PostEmail_UnderOrder" duration-ms="28731" started-at="2020-09-01T20:27:25 PKT" finished-at="2020-09-01T20:27:54 PKT">
          <reporter-output>
          </reporter-output>
        </test-method> <!-- PostEmail_UnderOrder -->
        <test-method status="PASS" signature="getResult(org.testng.ITestResult)[pri:0, instance:OrdersAPI.API.ExecutionFile@1efed156]" name="getResult" is-config="true" duration-ms="63" started-at="2020-09-01T20:27:54 PKT" finished-at="2020-09-01T20:27:54 PKT">
          <params>
            <param index="0">
              <value>
                <![CDATA[[TestResult name=PostEmail_UnderOrder status=SUCCESS method=ExecutionFile.PostEmail_UnderOrder()[pri:26, instance:OrdersAPI.API.ExecutionFile@1efed156] output={null}]]]>
              </value>
            </param>
          </params>
          <reporter-output>
          </reporter-output>
        </test-method> <!-- getResult -->
        <test-method status="FAIL" signature="Delete_CreatedOrder()[pri:27, instance:OrdersAPI.API.ExecutionFile@1efed156]" name="Delete_CreatedOrder" duration-ms="2698" started-at="2020-09-01T20:27:54 PKT" finished-at="2020-09-01T20:27:57 PKT">
          <exception class="java.lang.AssertionError">
            <message>
              <![CDATA[expected [200] but found [500]]]>
            </message>
            <full-stacktrace>
              <![CDATA[java.lang.AssertionError: expected [200] but found [500]
at org.testng.Assert.fail(Assert.java:97)
at org.testng.Assert.assertEqualsImpl(Assert.java:136)
at org.testng.Assert.assertEquals(Assert.java:118)
at org.testng.Assert.assertEquals(Assert.java:839)
at org.testng.Assert.assertEquals(Assert.java:849)
at OrdersAPI.API.OrdersAPI.Delete_CreatedOrder(OrdersAPI.java:806)
at OrdersAPI.API.ExecutionFile.Delete_CreatedOrder(ExecutionFile.java:173)
at sun.reflect.NativeMethodAccessorImpl.invoke0(Native Method)
at sun.reflect.NativeMethodAccessorImpl.invoke(Unknown Source)
at sun.reflect.DelegatingMethodAccessorImpl.invoke(Unknown Source)
at java.lang.reflect.Method.invoke(Unknown Source)
at org.testng.internal.MethodInvocationHelper.invokeMethod(MethodInvocationHelper.java:135)
at org.testng.internal.TestInvoker.invokeMethod(TestInvoker.java:598)
at org.testng.internal.TestInvoker.invokeTestMethod(TestInvoker.java:174)
at org.testng.internal.MethodRunner.runInSequence(MethodRunner.java:46)
at org.testng.internal.TestInvoker$MethodInvocationAgent.invoke(TestInvoker.java:821)
at org.testng.internal.TestInvoker.invokeTestMethods(TestInvoker.java:147)
at org.testng.internal.TestMethodWorker.invokeTestMethods(TestMethodWorker.java:146)
at org.testng.internal.TestMethodWorker.run(TestMethodWorker.java:128)
at java.util.ArrayList.forEach(Unknown Source)
at org.testng.TestRunner.privateRun(TestRunner.java:767)
at org.testng.TestRunner.run(TestRunner.java:588)
at org.testng.SuiteRunner.runTest(SuiteRunner.java:384)
at org.testng.SuiteRunner.runSequentially(SuiteRunner.java:378)
at org.testng.SuiteRunner.privateRun(SuiteRunner.java:337)
at org.testng.SuiteRunner.run(SuiteRunner.java:286)
at org.testng.SuiteRunnerWorker.runSuite(SuiteRunnerWorker.java:53)
at org.testng.SuiteRunnerWorker.run(SuiteRunnerWorker.java:96)
at org.testng.TestNG.runSuitesSequentially(TestNG.java:1214)
at org.testng.TestNG.runSuitesLocally(TestNG.java:1136)
at org.testng.TestNG.runSuites(TestNG.java:1066)
at org.testng.TestNG.run(TestNG.java:1034)
at org.testng.remote.AbstractRemoteTestNG.run(AbstractRemoteTestNG.java:115)
at org.testng.remote.RemoteTestNG.initAndRun(RemoteTestNG.java:251)
at org.testng.remote.RemoteTestNG.main(RemoteTestNG.java:77)
]]>
            </full-stacktrace>
          </exception> <!-- java.lang.AssertionError -->
          <reporter-output>
          </reporter-output>
        </test-method> <!-- Delete_CreatedOrder -->
        <test-method status="PASS" signature="getResult(org.testng.ITestResult)[pri:0, instance:OrdersAPI.API.ExecutionFile@1efed156]" name="getResult" is-config="true" duration-ms="103" started-at="2020-09-01T20:27:57 PKT" finished-at="2020-09-01T20:27:57 PKT">
          <params>
            <param index="0">
              <value>
                <![CDATA[[TestResult name=Delete_CreatedOrder status=FAILURE method=ExecutionFile.Delete_CreatedOrder()[pri:27, instance:OrdersAPI.API.ExecutionFile@1efed156] output={null}]]]>
              </value>
            </param>
          </params>
          <reporter-output>
          </reporter-output>
        </test-method> <!-- getResult -->
      </class> <!-- OrdersAPI.API.ExecutionFile -->
    </test> <!-- Default test -->
  </suite> <!-- Default suite -->
</testng-results>
